[24-Oct-2025 19:52:48 UTC] PHP Warning:  Attempt to read property "title" on null in /Users/vitorcarvalho/Local Sites/tradeexpansion/app/public/wp-includes/class-wp-customize-widgets.php on line 926
[25-Oct-2025 14:31:44 UTC] PHP Warning:  Attempt to read property "title" on null in /Users/vitorcarvalho/Local Sites/tradeexpansion/app/public/wp-includes/class-wp-customize-widgets.php on line 926
[01-Dec-2025 15:59:34 UTC] PHP Warning:  Attempt to read property "title" on null in /Users/vitorcarvalho/Local Sites/tradeexpansion/app/public/wp-includes/class-wp-customize-widgets.php on line 926
[02-Dec-2025 20:25:14 UTC] PHP Warning:  session_start(): Session cannot be started after headers have already been sent in /Users/vitorcarvalho/Local Sites/tradeexpansion/app/public/wp-content/themes/tradeexpansion/client-portal/portal-loader.php on line 43
[02-Dec-2025 20:25:14 UTC] PHP Warning:  session_start(): Session cannot be started after headers have already been sent in /Users/vitorcarvalho/Local Sites/tradeexpansion/app/public/wp-content/themes/tradeexpansion/client-portal/portal-loader.php on line 43
[02-Dec-2025 20:25:14 UTC] PHP Stack trace:
[02-Dec-2025 20:25:14 UTC] PHP Stack trace:
[02-Dec-2025 20:25:14 UTC] PHP   1. {main}() /Users/vitorcarvalho/Local Sites/tradeexpansion/app/public/wp-cron.php:0
[02-Dec-2025 20:25:14 UTC] PHP   1. {main}() /Users/vitorcarvalho/Local Sites/tradeexpansion/app/public/wp-cron.php:0
[02-Dec-2025 20:25:14 UTC] PHP   2. require_once() /Users/vitorcarvalho/Local Sites/tradeexpansion/app/public/wp-cron.php:46
[02-Dec-2025 20:25:14 UTC] PHP   2. require_once() /Users/vitorcarvalho/Local Sites/tradeexpansion/app/public/wp-cron.php:46
[02-Dec-2025 20:25:14 UTC] PHP   3. require_once() /Users/vitorcarvalho/Local Sites/tradeexpansion/app/public/wp-load.php:50
[02-Dec-2025 20:25:14 UTC] PHP   3. require_once() /Users/vitorcarvalho/Local Sites/tradeexpansion/app/public/wp-load.php:50
[02-Dec-2025 20:25:14 UTC] PHP   4. require_once() /Users/vitorcarvalho/Local Sites/tradeexpansion/app/public/wp-config.php:103
[02-Dec-2025 20:25:14 UTC] PHP   4. require_once() /Users/vitorcarvalho/Local Sites/tradeexpansion/app/public/wp-config.php:103
[02-Dec-2025 20:25:14 UTC] PHP   5. do_action($hook_name = 'init') /Users/vitorcarvalho/Local Sites/tradeexpansion/app/public/wp-settings.php:727
[02-Dec-2025 20:25:14 UTC] PHP   5. do_action($hook_name = 'init') /Users/vitorcarvalho/Local Sites/tradeexpansion/app/public/wp-settings.php:727
[02-Dec-2025 20:25:14 UTC] PHP   6. WP_Hook->do_action($args = [0 => '']) /Users/vitorcarvalho/Local Sites/tradeexpansion/app/public/wp-includes/plugin.php:517
[02-Dec-2025 20:25:14 UTC] PHP   6. WP_Hook->do_action($args = [0 => '']) /Users/vitorcarvalho/Local Sites/tradeexpansion/app/public/wp-includes/plugin.php:517
[02-Dec-2025 20:25:14 UTC] PHP   7. WP_Hook->apply_filters($value = '', $args = [0 => '']) /Users/vitorcarvalho/Local Sites/tradeexpansion/app/public/wp-includes/class-wp-hook.php:348
[02-Dec-2025 20:25:14 UTC] PHP   7. WP_Hook->apply_filters($value = '', $args = [0 => '']) /Users/vitorcarvalho/Local Sites/tradeexpansion/app/public/wp-includes/class-wp-hook.php:348
[02-Dec-2025 20:25:14 UTC] PHP   8. te_client_portal_maybe_start_session('') /Users/vitorcarvalho/Local Sites/tradeexpansion/app/public/wp-includes/class-wp-hook.php:324
[02-Dec-2025 20:25:14 UTC] PHP   8. te_client_portal_maybe_start_session('') /Users/vitorcarvalho/Local Sites/tradeexpansion/app/public/wp-includes/class-wp-hook.php:324
[02-Dec-2025 20:25:14 UTC] PHP   9. session_start() /Users/vitorcarvalho/Local Sites/tradeexpansion/app/public/wp-content/themes/tradeexpansion/client-portal/portal-loader.php:43
[02-Dec-2025 20:25:14 UTC] PHP   9. session_start() /Users/vitorcarvalho/Local Sites/tradeexpansion/app/public/wp-content/themes/tradeexpansion/client-portal/portal-loader.php:43
[02-Dec-2025 20:25:14 UTC] PHP Warning:  session_start(): Session cannot be started after headers have already been sent in /Users/vitorcarvalho/Local Sites/tradeexpansion/app/public/wp-content/themes/tradeexpansion/client-portal/portal-loader.php on line 43
[02-Dec-2025 20:25:14 UTC] PHP Stack trace:
[02-Dec-2025 20:25:14 UTC] PHP   1. {main}() /Users/vitorcarvalho/Local Sites/tradeexpansion/app/public/wp-cron.php:0
[02-Dec-2025 20:25:14 UTC] PHP   2. require_once() /Users/vitorcarvalho/Local Sites/tradeexpansion/app/public/wp-cron.php:46
[02-Dec-2025 20:25:14 UTC] PHP   3. require_once() /Users/vitorcarvalho/Local Sites/tradeexpansion/app/public/wp-load.php:50
[02-Dec-2025 20:25:14 UTC] PHP   4. require_once() /Users/vitorcarvalho/Local Sites/tradeexpansion/app/public/wp-config.php:103
[02-Dec-2025 20:25:14 UTC] PHP   5. do_action($hook_name = 'init') /Users/vitorcarvalho/Local Sites/tradeexpansion/app/public/wp-settings.php:727
[02-Dec-2025 20:25:14 UTC] PHP   6. WP_Hook->do_action($args = [0 => '']) /Users/vitorcarvalho/Local Sites/tradeexpansion/app/public/wp-includes/plugin.php:517
[02-Dec-2025 20:25:14 UTC] PHP   7. WP_Hook->apply_filters($value = '', $args = [0 => '']) /Users/vitorcarvalho/Local Sites/tradeexpansion/app/public/wp-includes/class-wp-hook.php:348
[02-Dec-2025 20:25:14 UTC] PHP   8. te_client_portal_maybe_start_session('') /Users/vitorcarvalho/Local Sites/tradeexpansion/app/public/wp-includes/class-wp-hook.php:324
[02-Dec-2025 20:25:14 UTC] PHP   9. session_start() /Users/vitorcarvalho/Local Sites/tradeexpansion/app/public/wp-content/themes/tradeexpansion/client-portal/portal-loader.php:43
[02-Dec-2025 20:25:15 UTC] PHP Warning:  session_start(): Session cannot be started after headers have already been sent in /Users/vitorcarvalho/Local Sites/tradeexpansion/app/public/wp-content/themes/tradeexpansion/client-portal/portal-loader.php on line 43
[02-Dec-2025 20:25:15 UTC] PHP Stack trace:
[02-Dec-2025 20:25:15 UTC] PHP   1. {main}() /Users/vitorcarvalho/Local Sites/tradeexpansion/app/public/wp-cron.php:0
[02-Dec-2025 20:25:15 UTC] PHP   2. require_once() /Users/vitorcarvalho/Local Sites/tradeexpansion/app/public/wp-cron.php:46
[02-Dec-2025 20:25:15 UTC] PHP   3. require_once() /Users/vitorcarvalho/Local Sites/tradeexpansion/app/public/wp-load.php:50
[02-Dec-2025 20:25:15 UTC] PHP   4. require_once() /Users/vitorcarvalho/Local Sites/tradeexpansion/app/public/wp-config.php:103
[02-Dec-2025 20:25:15 UTC] PHP   5. do_action($hook_name = 'init') /Users/vitorcarvalho/Local Sites/tradeexpansion/app/public/wp-settings.php:727
[02-Dec-2025 20:25:15 UTC] PHP   6. WP_Hook->do_action($args = [0 => '']) /Users/vitorcarvalho/Local Sites/tradeexpansion/app/public/wp-includes/plugin.php:517
[02-Dec-2025 20:25:15 UTC] PHP   7. WP_Hook->apply_filters($value = '', $args = [0 => '']) /Users/vitorcarvalho/Local Sites/tradeexpansion/app/public/wp-includes/class-wp-hook.php:348
[02-Dec-2025 20:25:15 UTC] PHP   8. te_client_portal_maybe_start_session('') /Users/vitorcarvalho/Local Sites/tradeexpansion/app/public/wp-includes/class-wp-hook.php:324
[02-Dec-2025 20:25:15 UTC] PHP   9. session_start() /Users/vitorcarvalho/Local Sites/tradeexpansion/app/public/wp-content/themes/tradeexpansion/client-portal/portal-loader.php:43
[02-Dec-2025 20:26:17 UTC] PHP Warning:  Attempt to read property "term_id" on array in /Users/vitorcarvalho/Local Sites/tradeexpansion/app/public/wp-content/themes/tradeexpansion/page-rochas.php on line 657
[02-Dec-2025 20:26:17 UTC] PHP Stack trace:
[02-Dec-2025 20:26:17 UTC] PHP   1. {main}() /Users/vitorcarvalho/Local Sites/tradeexpansion/app/public/index.php:0
[02-Dec-2025 20:26:17 UTC] PHP   2. require() /Users/vitorcarvalho/Local Sites/tradeexpansion/app/public/index.php:17
[02-Dec-2025 20:26:17 UTC] PHP   3. require_once() /Users/vitorcarvalho/Local Sites/tradeexpansion/app/public/wp-blog-header.php:19
[02-Dec-2025 20:26:17 UTC] PHP   4. include() /Users/vitorcarvalho/Local Sites/tradeexpansion/app/public/wp-includes/template-loader.php:106
[02-Dec-2025 20:26:17 UTC] PHP Warning:  Attempt to read property "name" on array in /Users/vitorcarvalho/Local Sites/tradeexpansion/app/public/wp-content/themes/tradeexpansion/page-rochas.php on line 658
[02-Dec-2025 20:26:17 UTC] PHP Stack trace:
[02-Dec-2025 20:26:17 UTC] PHP   1. {main}() /Users/vitorcarvalho/Local Sites/tradeexpansion/app/public/index.php:0
[02-Dec-2025 20:26:17 UTC] PHP   2. require() /Users/vitorcarvalho/Local Sites/tradeexpansion/app/public/index.php:17
[02-Dec-2025 20:26:17 UTC] PHP   3. require_once() /Users/vitorcarvalho/Local Sites/tradeexpansion/app/public/wp-blog-header.php:19
[02-Dec-2025 20:26:17 UTC] PHP   4. include() /Users/vitorcarvalho/Local Sites/tradeexpansion/app/public/wp-includes/template-loader.php:106
[02-Dec-2025 20:26:17 UTC] PHP Warning:  Attempt to read property "term_id" on array in /Users/vitorcarvalho/Local Sites/tradeexpansion/app/public/wp-content/themes/tradeexpansion/page-rochas.php on line 657
[02-Dec-2025 20:26:17 UTC] PHP Stack trace:
[02-Dec-2025 20:26:17 UTC] PHP   1. {main}() /Users/vitorcarvalho/Local Sites/tradeexpansion/app/public/index.php:0
[02-Dec-2025 20:26:17 UTC] PHP   2. require() /Users/vitorcarvalho/Local Sites/tradeexpansion/app/public/index.php:17
[02-Dec-2025 20:26:17 UTC] PHP   3. require_once() /Users/vitorcarvalho/Local Sites/tradeexpansion/app/public/wp-blog-header.php:19
[02-Dec-2025 20:26:17 UTC] PHP   4. include() /Users/vitorcarvalho/Local Sites/tradeexpansion/app/public/wp-includes/template-loader.php:106
[02-Dec-2025 20:26:17 UTC] PHP Warning:  Attempt to read property "name" on array in /Users/vitorcarvalho/Local Sites/tradeexpansion/app/public/wp-content/themes/tradeexpansion/page-rochas.php on line 658
[02-Dec-2025 20:26:17 UTC] PHP Stack trace:
[02-Dec-2025 20:26:17 UTC] PHP   1. {main}() /Users/vitorcarvalho/Local Sites/tradeexpansion/app/public/index.php:0
[02-Dec-2025 20:26:17 UTC] PHP   2. require() /Users/vitorcarvalho/Local Sites/tradeexpansion/app/public/index.php:17
[02-Dec-2025 20:26:17 UTC] PHP   3. require_once() /Users/vitorcarvalho/Local Sites/tradeexpansion/app/public/wp-blog-header.php:19
[02-Dec-2025 20:26:17 UTC] PHP   4. include() /Users/vitorcarvalho/Local Sites/tradeexpansion/app/public/wp-includes/template-loader.php:106
[02-Dec-2025 20:26:17 UTC] PHP Warning:  Attempt to read property "term_id" on array in /Users/vitorcarvalho/Local Sites/tradeexpansion/app/public/wp-content/themes/tradeexpansion/page-rochas.php on line 675
[02-Dec-2025 20:26:17 UTC] PHP Stack trace:
[02-Dec-2025 20:26:17 UTC] PHP   1. {main}() /Users/vitorcarvalho/Local Sites/tradeexpansion/app/public/index.php:0
[02-Dec-2025 20:26:17 UTC] PHP   2. require() /Users/vitorcarvalho/Local Sites/tradeexpansion/app/public/index.php:17
[02-Dec-2025 20:26:17 UTC] PHP   3. require_once() /Users/vitorcarvalho/Local Sites/tradeexpansion/app/public/wp-blog-header.php:19
[02-Dec-2025 20:26:17 UTC] PHP   4. include() /Users/vitorcarvalho/Local Sites/tradeexpansion/app/public/wp-includes/template-loader.php:106
[02-Dec-2025 20:26:17 UTC] PHP Warning:  Attempt to read property "name" on array in /Users/vitorcarvalho/Local Sites/tradeexpansion/app/public/wp-content/themes/tradeexpansion/page-rochas.php on line 676
[02-Dec-2025 20:26:17 UTC] PHP Stack trace:
[02-Dec-2025 20:26:17 UTC] PHP   1. {main}() /Users/vitorcarvalho/Local Sites/tradeexpansion/app/public/index.php:0
[02-Dec-2025 20:26:17 UTC] PHP   2. require() /Users/vitorcarvalho/Local Sites/tradeexpansion/app/public/index.php:17
[02-Dec-2025 20:26:17 UTC] PHP   3. require_once() /Users/vitorcarvalho/Local Sites/tradeexpansion/app/public/wp-blog-header.php:19
[02-Dec-2025 20:26:17 UTC] PHP   4. include() /Users/vitorcarvalho/Local Sites/tradeexpansion/app/public/wp-includes/template-loader.php:106
[02-Dec-2025 20:26:17 UTC] PHP Warning:  Attempt to read property "term_id" on array in /Users/vitorcarvalho/Local Sites/tradeexpansion/app/public/wp-content/themes/tradeexpansion/page-rochas.php on line 675
[02-Dec-2025 20:26:17 UTC] PHP Stack trace:
[02-Dec-2025 20:26:17 UTC] PHP   1. {main}() /Users/vitorcarvalho/Local Sites/tradeexpansion/app/public/index.php:0
[02-Dec-2025 20:26:17 UTC] PHP   2. require() /Users/vitorcarvalho/Local Sites/tradeexpansion/app/public/index.php:17
[02-Dec-2025 20:26:17 UTC] PHP   3. require_once() /Users/vitorcarvalho/Local Sites/tradeexpansion/app/public/wp-blog-header.php:19
[02-Dec-2025 20:26:17 UTC] PHP   4. include() /Users/vitorcarvalho/Local Sites/tradeexpansion/app/public/wp-includes/template-loader.php:106
[02-Dec-2025 20:26:17 UTC] PHP Warning:  Attempt to read property "name" on array in /Users/vitorcarvalho/Local Sites/tradeexpansion/app/public/wp-content/themes/tradeexpansion/page-rochas.php on line 676
[02-Dec-2025 20:26:17 UTC] PHP Stack trace:
[02-Dec-2025 20:26:17 UTC] PHP   1. {main}() /Users/vitorcarvalho/Local Sites/tradeexpansion/app/public/index.php:0
[02-Dec-2025 20:26:17 UTC] PHP   2. require() /Users/vitorcarvalho/Local Sites/tradeexpansion/app/public/index.php:17
[02-Dec-2025 20:26:17 UTC] PHP   3. require_once() /Users/vitorcarvalho/Local Sites/tradeexpansion/app/public/wp-blog-header.php:19
[02-Dec-2025 20:26:17 UTC] PHP   4. include() /Users/vitorcarvalho/Local Sites/tradeexpansion/app/public/wp-includes/template-loader.php:106
[02-Dec-2025 20:36:39 UTC] PHP Warning:  session_start(): Session cannot be started after headers have already been sent in /Users/vitorcarvalho/Local Sites/tradeexpansion/app/public/wp-content/themes/tradeexpansion/client-portal/portal-loader.php on line 43
[02-Dec-2025 20:36:39 UTC] PHP Stack trace:
[02-Dec-2025 20:36:39 UTC] PHP   1. {main}() /Users/vitorcarvalho/Local Sites/tradeexpansion/app/public/wp-cron.php:0
[02-Dec-2025 20:36:39 UTC] PHP   2. require_once() /Users/vitorcarvalho/Local Sites/tradeexpansion/app/public/wp-cron.php:46
[02-Dec-2025 20:36:39 UTC] PHP   3. require_once() /Users/vitorcarvalho/Local Sites/tradeexpansion/app/public/wp-load.php:50
[02-Dec-2025 20:36:39 UTC] PHP   4. require_once() /Users/vitorcarvalho/Local Sites/tradeexpansion/app/public/wp-config.php:103
[02-Dec-2025 20:36:39 UTC] PHP   5. do_action($hook_name = 'init') /Users/vitorcarvalho/Local Sites/tradeexpansion/app/public/wp-settings.php:727
[02-Dec-2025 20:36:39 UTC] PHP   6. WP_Hook->do_action($args = [0 => '']) /Users/vitorcarvalho/Local Sites/tradeexpansion/app/public/wp-includes/plugin.php:517
[02-Dec-2025 20:36:39 UTC] PHP   7. WP_Hook->apply_filters($value = '', $args = [0 => '']) /Users/vitorcarvalho/Local Sites/tradeexpansion/app/public/wp-includes/class-wp-hook.php:348
[02-Dec-2025 20:36:39 UTC] PHP   8. te_client_portal_maybe_start_session('') /Users/vitorcarvalho/Local Sites/tradeexpansion/app/public/wp-includes/class-wp-hook.php:324
[02-Dec-2025 20:36:39 UTC] PHP   9. session_start() /Users/vitorcarvalho/Local Sites/tradeexpansion/app/public/wp-content/themes/tradeexpansion/client-portal/portal-loader.php:43
[02-Dec-2025 20:38:04 UTC] PHP Warning:  session_start(): Session cannot be started after headers have already been sent in /Users/vitorcarvalho/Local Sites/tradeexpansion/app/public/wp-content/themes/tradeexpansion/client-portal/portal-loader.php on line 43
[02-Dec-2025 20:38:04 UTC] PHP Stack trace:
[02-Dec-2025 20:38:04 UTC] PHP   1. {main}() /Users/vitorcarvalho/Local Sites/tradeexpansion/app/public/wp-cron.php:0
[02-Dec-2025 20:38:04 UTC] PHP   2. require_once() /Users/vitorcarvalho/Local Sites/tradeexpansion/app/public/wp-cron.php:46
[02-Dec-2025 20:38:04 UTC] PHP   3. require_once() /Users/vitorcarvalho/Local Sites/tradeexpansion/app/public/wp-load.php:50
[02-Dec-2025 20:38:04 UTC] PHP   4. require_once() /Users/vitorcarvalho/Local Sites/tradeexpansion/app/public/wp-config.php:103
[02-Dec-2025 20:38:04 UTC] PHP   5. do_action($hook_name = 'init') /Users/vitorcarvalho/Local Sites/tradeexpansion/app/public/wp-settings.php:727
[02-Dec-2025 20:38:04 UTC] PHP   6. WP_Hook->do_action($args = [0 => '']) /Users/vitorcarvalho/Local Sites/tradeexpansion/app/public/wp-includes/plugin.php:517
[02-Dec-2025 20:38:04 UTC] PHP   7. WP_Hook->apply_filters($value = '', $args = [0 => '']) /Users/vitorcarvalho/Local Sites/tradeexpansion/app/public/wp-includes/class-wp-hook.php:348
[02-Dec-2025 20:38:04 UTC] PHP   8. te_client_portal_maybe_start_session('') /Users/vitorcarvalho/Local Sites/tradeexpansion/app/public/wp-includes/class-wp-hook.php:324
[02-Dec-2025 20:38:04 UTC] PHP   9. session_start() /Users/vitorcarvalho/Local Sites/tradeexpansion/app/public/wp-content/themes/tradeexpansion/client-portal/portal-loader.php:43
[02-Dec-2025 20:45:22 UTC] PHP Fatal error:  Uncaught Error: Call to undefined function esc_js_e() in /Users/vitorcarvalho/Local Sites/tradeexpansion/app/public/wp-content/themes/tradeexpansion/client-portal/views/dashboard.php:1070
Stack trace:
#0 /Users/vitorcarvalho/Local Sites/tradeexpansion/app/public/wp-content/themes/tradeexpansion/page-portal-dashboard.php(51): require()
#1 /Users/vitorcarvalho/Local Sites/tradeexpansion/app/public/wp-includes/template-loader.php(106): include('/Users/vitorcar...')
#2 /Users/vitorcarvalho/Local Sites/tradeexpansion/app/public/wp-blog-header.php(19): require_once('/Users/vitorcar...')
#3 /Users/vitorcarvalho/Local Sites/tradeexpansion/app/public/index.php(17): require('/Users/vitorcar...')
#4 {main}
  thrown in /Users/vitorcarvalho/Local Sites/tradeexpansion/app/public/wp-content/themes/tradeexpansion/client-portal/views/dashboard.php on line 1070
[02-Dec-2025 20:45:35 UTC] PHP Warning:  Attempt to read property "term_id" on array in /Users/vitorcarvalho/Local Sites/tradeexpansion/app/public/wp-content/themes/tradeexpansion/page-rochas.php on line 657
[02-Dec-2025 20:45:35 UTC] PHP Stack trace:
[02-Dec-2025 20:45:35 UTC] PHP   1. {main}() /Users/vitorcarvalho/Local Sites/tradeexpansion/app/public/index.php:0
[02-Dec-2025 20:45:35 UTC] PHP   2. require() /Users/vitorcarvalho/Local Sites/tradeexpansion/app/public/index.php:17
[02-Dec-2025 20:45:35 UTC] PHP   3. require_once() /Users/vitorcarvalho/Local Sites/tradeexpansion/app/public/wp-blog-header.php:19
[02-Dec-2025 20:45:35 UTC] PHP   4. include() /Users/vitorcarvalho/Local Sites/tradeexpansion/app/public/wp-includes/template-loader.php:106
[02-Dec-2025 20:45:35 UTC] PHP Warning:  Attempt to read property "name" on array in /Users/vitorcarvalho/Local Sites/tradeexpansion/app/public/wp-content/themes/tradeexpansion/page-rochas.php on line 658
[02-Dec-2025 20:45:35 UTC] PHP Stack trace:
[02-Dec-2025 20:45:35 UTC] PHP   1. {main}() /Users/vitorcarvalho/Local Sites/tradeexpansion/app/public/index.php:0
[02-Dec-2025 20:45:35 UTC] PHP   2. require() /Users/vitorcarvalho/Local Sites/tradeexpansion/app/public/index.php:17
[02-Dec-2025 20:45:35 UTC] PHP   3. require_once() /Users/vitorcarvalho/Local Sites/tradeexpansion/app/public/wp-blog-header.php:19
[02-Dec-2025 20:45:35 UTC] PHP   4. include() /Users/vitorcarvalho/Local Sites/tradeexpansion/app/public/wp-includes/template-loader.php:106
[02-Dec-2025 20:45:35 UTC] PHP Warning:  Attempt to read property "term_id" on array in /Users/vitorcarvalho/Local Sites/tradeexpansion/app/public/wp-content/themes/tradeexpansion/page-rochas.php on line 657
[02-Dec-2025 20:45:35 UTC] PHP Stack trace:
[02-Dec-2025 20:45:35 UTC] PHP   1. {main}() /Users/vitorcarvalho/Local Sites/tradeexpansion/app/public/index.php:0
[02-Dec-2025 20:45:35 UTC] PHP   2. require() /Users/vitorcarvalho/Local Sites/tradeexpansion/app/public/index.php:17
[02-Dec-2025 20:45:35 UTC] PHP   3. require_once() /Users/vitorcarvalho/Local Sites/tradeexpansion/app/public/wp-blog-header.php:19
[02-Dec-2025 20:45:35 UTC] PHP   4. include() /Users/vitorcarvalho/Local Sites/tradeexpansion/app/public/wp-includes/template-loader.php:106
[02-Dec-2025 20:45:35 UTC] PHP Warning:  Attempt to read property "name" on array in /Users/vitorcarvalho/Local Sites/tradeexpansion/app/public/wp-content/themes/tradeexpansion/page-rochas.php on line 658
[02-Dec-2025 20:45:35 UTC] PHP Stack trace:
[02-Dec-2025 20:45:35 UTC] PHP   1. {main}() /Users/vitorcarvalho/Local Sites/tradeexpansion/app/public/index.php:0
[02-Dec-2025 20:45:35 UTC] PHP   2. require() /Users/vitorcarvalho/Local Sites/tradeexpansion/app/public/index.php:17
[02-Dec-2025 20:45:35 UTC] PHP   3. require_once() /Users/vitorcarvalho/Local Sites/tradeexpansion/app/public/wp-blog-header.php:19
[02-Dec-2025 20:45:35 UTC] PHP   4. include() /Users/vitorcarvalho/Local Sites/tradeexpansion/app/public/wp-includes/template-loader.php:106
[02-Dec-2025 20:45:35 UTC] PHP Warning:  Attempt to read property "term_id" on array in /Users/vitorcarvalho/Local Sites/tradeexpansion/app/public/wp-content/themes/tradeexpansion/page-rochas.php on line 675
[02-Dec-2025 20:45:35 UTC] PHP Stack trace:
[02-Dec-2025 20:45:35 UTC] PHP   1. {main}() /Users/vitorcarvalho/Local Sites/tradeexpansion/app/public/index.php:0
[02-Dec-2025 20:45:35 UTC] PHP   2. require() /Users/vitorcarvalho/Local Sites/tradeexpansion/app/public/index.php:17
[02-Dec-2025 20:45:35 UTC] PHP   3. require_once() /Users/vitorcarvalho/Local Sites/tradeexpansion/app/public/wp-blog-header.php:19
[02-Dec-2025 20:45:35 UTC] PHP   4. include() /Users/vitorcarvalho/Local Sites/tradeexpansion/app/public/wp-includes/template-loader.php:106
[02-Dec-2025 20:45:35 UTC] PHP Warning:  Attempt to read property "name" on array in /Users/vitorcarvalho/Local Sites/tradeexpansion/app/public/wp-content/themes/tradeexpansion/page-rochas.php on line 676
[02-Dec-2025 20:45:35 UTC] PHP Stack trace:
[02-Dec-2025 20:45:35 UTC] PHP   1. {main}() /Users/vitorcarvalho/Local Sites/tradeexpansion/app/public/index.php:0
[02-Dec-2025 20:45:35 UTC] PHP   2. require() /Users/vitorcarvalho/Local Sites/tradeexpansion/app/public/index.php:17
[02-Dec-2025 20:45:35 UTC] PHP   3. require_once() /Users/vitorcarvalho/Local Sites/tradeexpansion/app/public/wp-blog-header.php:19
[02-Dec-2025 20:45:35 UTC] PHP   4. include() /Users/vitorcarvalho/Local Sites/tradeexpansion/app/public/wp-includes/template-loader.php:106
[02-Dec-2025 20:45:35 UTC] PHP Warning:  Attempt to read property "term_id" on array in /Users/vitorcarvalho/Local Sites/tradeexpansion/app/public/wp-content/themes/tradeexpansion/page-rochas.php on line 675
[02-Dec-2025 20:45:35 UTC] PHP Stack trace:
[02-Dec-2025 20:45:35 UTC] PHP   1. {main}() /Users/vitorcarvalho/Local Sites/tradeexpansion/app/public/index.php:0
[02-Dec-2025 20:45:35 UTC] PHP   2. require() /Users/vitorcarvalho/Local Sites/tradeexpansion/app/public/index.php:17
[02-Dec-2025 20:45:35 UTC] PHP   3. require_once() /Users/vitorcarvalho/Local Sites/tradeexpansion/app/public/wp-blog-header.php:19
[02-Dec-2025 20:45:35 UTC] PHP   4. include() /Users/vitorcarvalho/Local Sites/tradeexpansion/app/public/wp-includes/template-loader.php:106
[02-Dec-2025 20:45:35 UTC] PHP Warning:  Attempt to read property "name" on array in /Users/vitorcarvalho/Local Sites/tradeexpansion/app/public/wp-content/themes/tradeexpansion/page-rochas.php on line 676
[02-Dec-2025 20:45:35 UTC] PHP Stack trace:
[02-Dec-2025 20:45:35 UTC] PHP   1. {main}() /Users/vitorcarvalho/Local Sites/tradeexpansion/app/public/index.php:0
[02-Dec-2025 20:45:35 UTC] PHP   2. require() /Users/vitorcarvalho/Local Sites/tradeexpansion/app/public/index.php:17
[02-Dec-2025 20:45:35 UTC] PHP   3. require_once() /Users/vitorcarvalho/Local Sites/tradeexpansion/app/public/wp-blog-header.php:19
[02-Dec-2025 20:45:35 UTC] PHP   4. include() /Users/vitorcarvalho/Local Sites/tradeexpansion/app/public/wp-includes/template-loader.php:106
[02-Dec-2025 20:45:42 UTC] PHP Warning:  Attempt to read property "term_id" on array in /Users/vitorcarvalho/Local Sites/tradeexpansion/app/public/wp-content/themes/tradeexpansion/page-rochas.php on line 657
[02-Dec-2025 20:45:42 UTC] PHP Stack trace:
[02-Dec-2025 20:45:42 UTC] PHP   1. {main}() /Users/vitorcarvalho/Local Sites/tradeexpansion/app/public/index.php:0
[02-Dec-2025 20:45:42 UTC] PHP   2. require() /Users/vitorcarvalho/Local Sites/tradeexpansion/app/public/index.php:17
[02-Dec-2025 20:45:42 UTC] PHP   3. require_once() /Users/vitorcarvalho/Local Sites/tradeexpansion/app/public/wp-blog-header.php:19
[02-Dec-2025 20:45:42 UTC] PHP   4. include() /Users/vitorcarvalho/Local Sites/tradeexpansion/app/public/wp-includes/template-loader.php:106
[02-Dec-2025 20:45:42 UTC] PHP Warning:  Attempt to read property "name" on array in /Users/vitorcarvalho/Local Sites/tradeexpansion/app/public/wp-content/themes/tradeexpansion/page-rochas.php on line 658
[02-Dec-2025 20:45:42 UTC] PHP Stack trace:
[02-Dec-2025 20:45:42 UTC] PHP   1. {main}() /Users/vitorcarvalho/Local Sites/tradeexpansion/app/public/index.php:0
[02-Dec-2025 20:45:42 UTC] PHP   2. require() /Users/vitorcarvalho/Local Sites/tradeexpansion/app/public/index.php:17
[02-Dec-2025 20:45:42 UTC] PHP   3. require_once() /Users/vitorcarvalho/Local Sites/tradeexpansion/app/public/wp-blog-header.php:19
[02-Dec-2025 20:45:42 UTC] PHP   4. include() /Users/vitorcarvalho/Local Sites/tradeexpansion/app/public/wp-includes/template-loader.php:106
[02-Dec-2025 20:45:42 UTC] PHP Warning:  Attempt to read property "term_id" on array in /Users/vitorcarvalho/Local Sites/tradeexpansion/app/public/wp-content/themes/tradeexpansion/page-rochas.php on line 657
[02-Dec-2025 20:45:42 UTC] PHP Stack trace:
[02-Dec-2025 20:45:42 UTC] PHP   1. {main}() /Users/vitorcarvalho/Local Sites/tradeexpansion/app/public/index.php:0
[02-Dec-2025 20:45:42 UTC] PHP   2. require() /Users/vitorcarvalho/Local Sites/tradeexpansion/app/public/index.php:17
[02-Dec-2025 20:45:42 UTC] PHP   3. require_once() /Users/vitorcarvalho/Local Sites/tradeexpansion/app/public/wp-blog-header.php:19
[02-Dec-2025 20:45:42 UTC] PHP   4. include() /Users/vitorcarvalho/Local Sites/tradeexpansion/app/public/wp-includes/template-loader.php:106
[02-Dec-2025 20:45:42 UTC] PHP Warning:  Attempt to read property "name" on array in /Users/vitorcarvalho/Local Sites/tradeexpansion/app/public/wp-content/themes/tradeexpansion/page-rochas.php on line 658
[02-Dec-2025 20:45:42 UTC] PHP Stack trace:
[02-Dec-2025 20:45:42 UTC] PHP   1. {main}() /Users/vitorcarvalho/Local Sites/tradeexpansion/app/public/index.php:0
[02-Dec-2025 20:45:42 UTC] PHP   2. require() /Users/vitorcarvalho/Local Sites/tradeexpansion/app/public/index.php:17
[02-Dec-2025 20:45:42 UTC] PHP   3. require_once() /Users/vitorcarvalho/Local Sites/tradeexpansion/app/public/wp-blog-header.php:19
[02-Dec-2025 20:45:42 UTC] PHP   4. include() /Users/vitorcarvalho/Local Sites/tradeexpansion/app/public/wp-includes/template-loader.php:106
[02-Dec-2025 20:45:42 UTC] PHP Warning:  Attempt to read property "term_id" on array in /Users/vitorcarvalho/Local Sites/tradeexpansion/app/public/wp-content/themes/tradeexpansion/page-rochas.php on line 675
[02-Dec-2025 20:45:42 UTC] PHP Stack trace:
[02-Dec-2025 20:45:42 UTC] PHP   1. {main}() /Users/vitorcarvalho/Local Sites/tradeexpansion/app/public/index.php:0
[02-Dec-2025 20:45:42 UTC] PHP   2. require() /Users/vitorcarvalho/Local Sites/tradeexpansion/app/public/index.php:17
[02-Dec-2025 20:45:42 UTC] PHP   3. require_once() /Users/vitorcarvalho/Local Sites/tradeexpansion/app/public/wp-blog-header.php:19
[02-Dec-2025 20:45:42 UTC] PHP   4. include() /Users/vitorcarvalho/Local Sites/tradeexpansion/app/public/wp-includes/template-loader.php:106
[02-Dec-2025 20:45:42 UTC] PHP Warning:  Attempt to read property "name" on array in /Users/vitorcarvalho/Local Sites/tradeexpansion/app/public/wp-content/themes/tradeexpansion/page-rochas.php on line 676
[02-Dec-2025 20:45:42 UTC] PHP Stack trace:
[02-Dec-2025 20:45:42 UTC] PHP   1. {main}() /Users/vitorcarvalho/Local Sites/tradeexpansion/app/public/index.php:0
[02-Dec-2025 20:45:42 UTC] PHP   2. require() /Users/vitorcarvalho/Local Sites/tradeexpansion/app/public/index.php:17
[02-Dec-2025 20:45:42 UTC] PHP   3. require_once() /Users/vitorcarvalho/Local Sites/tradeexpansion/app/public/wp-blog-header.php:19
[02-Dec-2025 20:45:42 UTC] PHP   4. include() /Users/vitorcarvalho/Local Sites/tradeexpansion/app/public/wp-includes/template-loader.php:106
[02-Dec-2025 20:45:42 UTC] PHP Warning:  Attempt to read property "term_id" on array in /Users/vitorcarvalho/Local Sites/tradeexpansion/app/public/wp-content/themes/tradeexpansion/page-rochas.php on line 675
[02-Dec-2025 20:45:42 UTC] PHP Stack trace:
[02-Dec-2025 20:45:42 UTC] PHP   1. {main}() /Users/vitorcarvalho/Local Sites/tradeexpansion/app/public/index.php:0
[02-Dec-2025 20:45:42 UTC] PHP   2. require() /Users/vitorcarvalho/Local Sites/tradeexpansion/app/public/index.php:17
[02-Dec-2025 20:45:42 UTC] PHP   3. require_once() /Users/vitorcarvalho/Local Sites/tradeexpansion/app/public/wp-blog-header.php:19
[02-Dec-2025 20:45:42 UTC] PHP   4. include() /Users/vitorcarvalho/Local Sites/tradeexpansion/app/public/wp-includes/template-loader.php:106
[02-Dec-2025 20:45:42 UTC] PHP Warning:  Attempt to read property "name" on array in /Users/vitorcarvalho/Local Sites/tradeexpansion/app/public/wp-content/themes/tradeexpansion/page-rochas.php on line 676
[02-Dec-2025 20:45:42 UTC] PHP Stack trace:
[02-Dec-2025 20:45:42 UTC] PHP   1. {main}() /Users/vitorcarvalho/Local Sites/tradeexpansion/app/public/index.php:0
[02-Dec-2025 20:45:42 UTC] PHP   2. require() /Users/vitorcarvalho/Local Sites/tradeexpansion/app/public/index.php:17
[02-Dec-2025 20:45:42 UTC] PHP   3. require_once() /Users/vitorcarvalho/Local Sites/tradeexpansion/app/public/wp-blog-header.php:19
[02-Dec-2025 20:45:42 UTC] PHP   4. include() /Users/vitorcarvalho/Local Sites/tradeexpansion/app/public/wp-includes/template-loader.php:106
[02-Dec-2025 20:47:23 UTC] PHP Warning:  session_start(): Session cannot be started after headers have already been sent in /Users/vitorcarvalho/Local Sites/tradeexpansion/app/public/wp-content/themes/tradeexpansion/client-portal/portal-loader.php on line 43
[02-Dec-2025 20:47:23 UTC] PHP Stack trace:
[02-Dec-2025 20:47:23 UTC] PHP   1. {main}() /Users/vitorcarvalho/Local Sites/tradeexpansion/app/public/wp-cron.php:0
[02-Dec-2025 20:47:23 UTC] PHP   2. require_once() /Users/vitorcarvalho/Local Sites/tradeexpansion/app/public/wp-cron.php:46
[02-Dec-2025 20:47:23 UTC] PHP   3. require_once() /Users/vitorcarvalho/Local Sites/tradeexpansion/app/public/wp-load.php:50
[02-Dec-2025 20:47:23 UTC] PHP   4. require_once() /Users/vitorcarvalho/Local Sites/tradeexpansion/app/public/wp-config.php:103
[02-Dec-2025 20:47:23 UTC] PHP   5. do_action($hook_name = 'init') /Users/vitorcarvalho/Local Sites/tradeexpansion/app/public/wp-settings.php:727
[02-Dec-2025 20:47:23 UTC] PHP   6. WP_Hook->do_action($args = [0 => '']) /Users/vitorcarvalho/Local Sites/tradeexpansion/app/public/wp-includes/plugin.php:517
[02-Dec-2025 20:47:23 UTC] PHP   7. WP_Hook->apply_filters($value = '', $args = [0 => '']) /Users/vitorcarvalho/Local Sites/tradeexpansion/app/public/wp-includes/class-wp-hook.php:348
[02-Dec-2025 20:47:23 UTC] PHP   8. te_client_portal_maybe_start_session('') /Users/vitorcarvalho/Local Sites/tradeexpansion/app/public/wp-includes/class-wp-hook.php:324
[02-Dec-2025 20:47:23 UTC] PHP   9. session_start() /Users/vitorcarvalho/Local Sites/tradeexpansion/app/public/wp-content/themes/tradeexpansion/client-portal/portal-loader.php:43
[02-Dec-2025 20:48:03 UTC] PHP Warning:  session_start(): Session cannot be started after headers have already been sent in /Users/vitorcarvalho/Local Sites/tradeexpansion/app/public/wp-content/themes/tradeexpansion/client-portal/portal-loader.php on line 43
[02-Dec-2025 20:48:03 UTC] PHP Stack trace:
[02-Dec-2025 20:48:03 UTC] PHP   1. {main}() /Users/vitorcarvalho/Local Sites/tradeexpansion/app/public/wp-cron.php:0
[02-Dec-2025 20:48:03 UTC] PHP   2. require_once() /Users/vitorcarvalho/Local Sites/tradeexpansion/app/public/wp-cron.php:46
[02-Dec-2025 20:48:03 UTC] PHP   3. require_once() /Users/vitorcarvalho/Local Sites/tradeexpansion/app/public/wp-load.php:50
[02-Dec-2025 20:48:03 UTC] PHP   4. require_once() /Users/vitorcarvalho/Local Sites/tradeexpansion/app/public/wp-config.php:103
[02-Dec-2025 20:48:03 UTC] PHP   5. do_action($hook_name = 'init') /Users/vitorcarvalho/Local Sites/tradeexpansion/app/public/wp-settings.php:727
[02-Dec-2025 20:48:03 UTC] PHP   6. WP_Hook->do_action($args = [0 => '']) /Users/vitorcarvalho/Local Sites/tradeexpansion/app/public/wp-includes/plugin.php:517
[02-Dec-2025 20:48:03 UTC] PHP   7. WP_Hook->apply_filters($value = '', $args = [0 => '']) /Users/vitorcarvalho/Local Sites/tradeexpansion/app/public/wp-includes/class-wp-hook.php:348
[02-Dec-2025 20:48:03 UTC] PHP   8. te_client_portal_maybe_start_session('') /Users/vitorcarvalho/Local Sites/tradeexpansion/app/public/wp-includes/class-wp-hook.php:324
[02-Dec-2025 20:48:03 UTC] PHP   9. session_start() /Users/vitorcarvalho/Local Sites/tradeexpansion/app/public/wp-content/themes/tradeexpansion/client-portal/portal-loader.php:43
[02-Dec-2025 20:58:10 UTC] PHP Warning:  session_start(): Session cannot be started after headers have already been sent in /Users/vitorcarvalho/Local Sites/tradeexpansion/app/public/wp-content/themes/tradeexpansion/client-portal/portal-loader.php on line 43
[02-Dec-2025 20:58:10 UTC] PHP Stack trace:
[02-Dec-2025 20:58:10 UTC] PHP   1. {main}() /Users/vitorcarvalho/Local Sites/tradeexpansion/app/public/wp-cron.php:0
[02-Dec-2025 20:58:10 UTC] PHP   2. require_once() /Users/vitorcarvalho/Local Sites/tradeexpansion/app/public/wp-cron.php:46
[02-Dec-2025 20:58:10 UTC] PHP   3. require_once() /Users/vitorcarvalho/Local Sites/tradeexpansion/app/public/wp-load.php:50
[02-Dec-2025 20:58:10 UTC] PHP   4. require_once() /Users/vitorcarvalho/Local Sites/tradeexpansion/app/public/wp-config.php:103
[02-Dec-2025 20:58:10 UTC] PHP   5. do_action($hook_name = 'init') /Users/vitorcarvalho/Local Sites/tradeexpansion/app/public/wp-settings.php:727
[02-Dec-2025 20:58:10 UTC] PHP   6. WP_Hook->do_action($args = [0 => '']) /Users/vitorcarvalho/Local Sites/tradeexpansion/app/public/wp-includes/plugin.php:517
[02-Dec-2025 20:58:10 UTC] PHP   7. WP_Hook->apply_filters($value = '', $args = [0 => '']) /Users/vitorcarvalho/Local Sites/tradeexpansion/app/public/wp-includes/class-wp-hook.php:348
[02-Dec-2025 20:58:10 UTC] PHP   8. te_client_portal_maybe_start_session('') /Users/vitorcarvalho/Local Sites/tradeexpansion/app/public/wp-includes/class-wp-hook.php:324
[02-Dec-2025 20:58:10 UTC] PHP   9. session_start() /Users/vitorcarvalho/Local Sites/tradeexpansion/app/public/wp-content/themes/tradeexpansion/client-portal/portal-loader.php:43
[02-Dec-2025 22:09:10 UTC] PHP Warning:  session_start(): Session cannot be started after headers have already been sent in /Users/vitorcarvalho/Local Sites/tradeexpansion/app/public/wp-content/themes/tradeexpansion/client-portal/portal-loader.php on line 43
[02-Dec-2025 22:09:10 UTC] PHP Stack trace:
[02-Dec-2025 22:09:10 UTC] PHP   1. {main}() /Users/vitorcarvalho/Local Sites/tradeexpansion/app/public/wp-cron.php:0
[02-Dec-2025 22:09:10 UTC] PHP   2. require_once() /Users/vitorcarvalho/Local Sites/tradeexpansion/app/public/wp-cron.php:46
[02-Dec-2025 22:09:10 UTC] PHP   3. require_once() /Users/vitorcarvalho/Local Sites/tradeexpansion/app/public/wp-load.php:50
[02-Dec-2025 22:09:10 UTC] PHP   4. require_once() /Users/vitorcarvalho/Local Sites/tradeexpansion/app/public/wp-config.php:103
[02-Dec-2025 22:09:10 UTC] PHP   5. do_action($hook_name = 'init') /Users/vitorcarvalho/Local Sites/tradeexpansion/app/public/wp-settings.php:727
[02-Dec-2025 22:09:10 UTC] PHP   6. WP_Hook->do_action($args = [0 => '']) /Users/vitorcarvalho/Local Sites/tradeexpansion/app/public/wp-includes/plugin.php:517
[02-Dec-2025 22:09:10 UTC] PHP   7. WP_Hook->apply_filters($value = '', $args = [0 => '']) /Users/vitorcarvalho/Local Sites/tradeexpansion/app/public/wp-includes/class-wp-hook.php:348
[02-Dec-2025 22:09:10 UTC] PHP   8. te_client_portal_maybe_start_session('') /Users/vitorcarvalho/Local Sites/tradeexpansion/app/public/wp-includes/class-wp-hook.php:324
[02-Dec-2025 22:09:10 UTC] PHP   9. session_start() /Users/vitorcarvalho/Local Sites/tradeexpansion/app/public/wp-content/themes/tradeexpansion/client-portal/portal-loader.php:43
[02-Dec-2025 22:09:16 UTC] PHP Warning:  session_start(): Session cannot be started after headers have already been sent in /Users/vitorcarvalho/Local Sites/tradeexpansion/app/public/wp-content/themes/tradeexpansion/client-portal/portal-loader.php on line 43
[02-Dec-2025 22:09:16 UTC] PHP Stack trace:
[02-Dec-2025 22:09:16 UTC] PHP   1. {main}() /Users/vitorcarvalho/Local Sites/tradeexpansion/app/public/wp-cron.php:0
[02-Dec-2025 22:09:16 UTC] PHP   2. require_once() /Users/vitorcarvalho/Local Sites/tradeexpansion/app/public/wp-cron.php:46
[02-Dec-2025 22:09:16 UTC] PHP   3. require_once() /Users/vitorcarvalho/Local Sites/tradeexpansion/app/public/wp-load.php:50
[02-Dec-2025 22:09:16 UTC] PHP   4. require_once() /Users/vitorcarvalho/Local Sites/tradeexpansion/app/public/wp-config.php:103
[02-Dec-2025 22:09:16 UTC] PHP   5. do_action($hook_name = 'init') /Users/vitorcarvalho/Local Sites/tradeexpansion/app/public/wp-settings.php:742
[02-Dec-2025 22:09:16 UTC] PHP   6. WP_Hook->do_action($args = [0 => '']) /Users/vitorcarvalho/Local Sites/tradeexpansion/app/public/wp-includes/plugin.php:522
[02-Dec-2025 22:09:16 UTC] PHP   7. WP_Hook->apply_filters($value = '', $args = [0 => '']) /Users/vitorcarvalho/Local Sites/tradeexpansion/app/public/wp-includes/class-wp-hook.php:365
[02-Dec-2025 22:09:16 UTC] PHP   8. te_client_portal_maybe_start_session('') /Users/vitorcarvalho/Local Sites/tradeexpansion/app/public/wp-includes/class-wp-hook.php:341
[02-Dec-2025 22:09:16 UTC] PHP   9. session_start() /Users/vitorcarvalho/Local Sites/tradeexpansion/app/public/wp-content/themes/tradeexpansion/client-portal/portal-loader.php:43
[02-Dec-2025 22:17:29 UTC] PHP Warning:  Attempt to read property "term_id" on array in /Users/vitorcarvalho/Local Sites/tradeexpansion/app/public/wp-content/themes/tradeexpansion/page-rochas.php on line 657
[02-Dec-2025 22:17:29 UTC] PHP Stack trace:
[02-Dec-2025 22:17:29 UTC] PHP   1. {main}() /Users/vitorcarvalho/Local Sites/tradeexpansion/app/public/index.php:0
[02-Dec-2025 22:17:29 UTC] PHP   2. require() /Users/vitorcarvalho/Local Sites/tradeexpansion/app/public/index.php:17
[02-Dec-2025 22:17:29 UTC] PHP   3. require_once() /Users/vitorcarvalho/Local Sites/tradeexpansion/app/public/wp-blog-header.php:19
[02-Dec-2025 22:17:29 UTC] PHP   4. include() /Users/vitorcarvalho/Local Sites/tradeexpansion/app/public/wp-includes/template-loader.php:125
[02-Dec-2025 22:17:29 UTC] PHP Warning:  Attempt to read property "name" on array in /Users/vitorcarvalho/Local Sites/tradeexpansion/app/public/wp-content/themes/tradeexpansion/page-rochas.php on line 658
[02-Dec-2025 22:17:29 UTC] PHP Stack trace:
[02-Dec-2025 22:17:29 UTC] PHP   1. {main}() /Users/vitorcarvalho/Local Sites/tradeexpansion/app/public/index.php:0
[02-Dec-2025 22:17:29 UTC] PHP   2. require() /Users/vitorcarvalho/Local Sites/tradeexpansion/app/public/index.php:17
[02-Dec-2025 22:17:29 UTC] PHP   3. require_once() /Users/vitorcarvalho/Local Sites/tradeexpansion/app/public/wp-blog-header.php:19
[02-Dec-2025 22:17:29 UTC] PHP   4. include() /Users/vitorcarvalho/Local Sites/tradeexpansion/app/public/wp-includes/template-loader.php:125
[02-Dec-2025 22:17:29 UTC] PHP Warning:  Attempt to read property "term_id" on array in /Users/vitorcarvalho/Local Sites/tradeexpansion/app/public/wp-content/themes/tradeexpansion/page-rochas.php on line 657
[02-Dec-2025 22:17:29 UTC] PHP Stack trace:
[02-Dec-2025 22:17:29 UTC] PHP   1. {main}() /Users/vitorcarvalho/Local Sites/tradeexpansion/app/public/index.php:0
[02-Dec-2025 22:17:29 UTC] PHP   2. require() /Users/vitorcarvalho/Local Sites/tradeexpansion/app/public/index.php:17
[02-Dec-2025 22:17:29 UTC] PHP   3. require_once() /Users/vitorcarvalho/Local Sites/tradeexpansion/app/public/wp-blog-header.php:19
[02-Dec-2025 22:17:29 UTC] PHP   4. include() /Users/vitorcarvalho/Local Sites/tradeexpansion/app/public/wp-includes/template-loader.php:125
[02-Dec-2025 22:17:29 UTC] PHP Warning:  Attempt to read property "name" on array in /Users/vitorcarvalho/Local Sites/tradeexpansion/app/public/wp-content/themes/tradeexpansion/page-rochas.php on line 658
[02-Dec-2025 22:17:29 UTC] PHP Stack trace:
[02-Dec-2025 22:17:29 UTC] PHP   1. {main}() /Users/vitorcarvalho/Local Sites/tradeexpansion/app/public/index.php:0
[02-Dec-2025 22:17:29 UTC] PHP   2. require() /Users/vitorcarvalho/Local Sites/tradeexpansion/app/public/index.php:17
[02-Dec-2025 22:17:29 UTC] PHP   3. require_once() /Users/vitorcarvalho/Local Sites/tradeexpansion/app/public/wp-blog-header.php:19
[02-Dec-2025 22:17:29 UTC] PHP   4. include() /Users/vitorcarvalho/Local Sites/tradeexpansion/app/public/wp-includes/template-loader.php:125
[02-Dec-2025 22:17:29 UTC] PHP Warning:  Attempt to read property "term_id" on array in /Users/vitorcarvalho/Local Sites/tradeexpansion/app/public/wp-content/themes/tradeexpansion/page-rochas.php on line 675
[02-Dec-2025 22:17:29 UTC] PHP Stack trace:
[02-Dec-2025 22:17:29 UTC] PHP   1. {main}() /Users/vitorcarvalho/Local Sites/tradeexpansion/app/public/index.php:0
[02-Dec-2025 22:17:29 UTC] PHP   2. require() /Users/vitorcarvalho/Local Sites/tradeexpansion/app/public/index.php:17
[02-Dec-2025 22:17:29 UTC] PHP   3. require_once() /Users/vitorcarvalho/Local Sites/tradeexpansion/app/public/wp-blog-header.php:19
[02-Dec-2025 22:17:29 UTC] PHP   4. include() /Users/vitorcarvalho/Local Sites/tradeexpansion/app/public/wp-includes/template-loader.php:125
[02-Dec-2025 22:17:29 UTC] PHP Warning:  Attempt to read property "name" on array in /Users/vitorcarvalho/Local Sites/tradeexpansion/app/public/wp-content/themes/tradeexpansion/page-rochas.php on line 676
[02-Dec-2025 22:17:29 UTC] PHP Stack trace:
[02-Dec-2025 22:17:29 UTC] PHP   1. {main}() /Users/vitorcarvalho/Local Sites/tradeexpansion/app/public/index.php:0
[02-Dec-2025 22:17:29 UTC] PHP   2. require() /Users/vitorcarvalho/Local Sites/tradeexpansion/app/public/index.php:17
[02-Dec-2025 22:17:29 UTC] PHP   3. require_once() /Users/vitorcarvalho/Local Sites/tradeexpansion/app/public/wp-blog-header.php:19
[02-Dec-2025 22:17:29 UTC] PHP   4. include() /Users/vitorcarvalho/Local Sites/tradeexpansion/app/public/wp-includes/template-loader.php:125
[02-Dec-2025 22:17:29 UTC] PHP Warning:  Attempt to read property "term_id" on array in /Users/vitorcarvalho/Local Sites/tradeexpansion/app/public/wp-content/themes/tradeexpansion/page-rochas.php on line 675
[02-Dec-2025 22:17:29 UTC] PHP Stack trace:
[02-Dec-2025 22:17:29 UTC] PHP   1. {main}() /Users/vitorcarvalho/Local Sites/tradeexpansion/app/public/index.php:0
[02-Dec-2025 22:17:29 UTC] PHP   2. require() /Users/vitorcarvalho/Local Sites/tradeexpansion/app/public/index.php:17
[02-Dec-2025 22:17:29 UTC] PHP   3. require_once() /Users/vitorcarvalho/Local Sites/tradeexpansion/app/public/wp-blog-header.php:19
[02-Dec-2025 22:17:29 UTC] PHP   4. include() /Users/vitorcarvalho/Local Sites/tradeexpansion/app/public/wp-includes/template-loader.php:125
[02-Dec-2025 22:17:29 UTC] PHP Warning:  Attempt to read property "name" on array in /Users/vitorcarvalho/Local Sites/tradeexpansion/app/public/wp-content/themes/tradeexpansion/page-rochas.php on line 676
[02-Dec-2025 22:17:29 UTC] PHP Stack trace:
[02-Dec-2025 22:17:29 UTC] PHP   1. {main}() /Users/vitorcarvalho/Local Sites/tradeexpansion/app/public/index.php:0
[02-Dec-2025 22:17:29 UTC] PHP   2. require() /Users/vitorcarvalho/Local Sites/tradeexpansion/app/public/index.php:17
[02-Dec-2025 22:17:29 UTC] PHP   3. require_once() /Users/vitorcarvalho/Local Sites/tradeexpansion/app/public/wp-blog-header.php:19
[02-Dec-2025 22:17:29 UTC] PHP   4. include() /Users/vitorcarvalho/Local Sites/tradeexpansion/app/public/wp-includes/template-loader.php:125
[02-Dec-2025 22:18:19 UTC] PHP Warning:  session_start(): Session cannot be started after headers have already been sent in /Users/vitorcarvalho/Local Sites/tradeexpansion/app/public/wp-content/themes/tradeexpansion/client-portal/portal-loader.php on line 43
[02-Dec-2025 22:18:19 UTC] PHP Stack trace:
[02-Dec-2025 22:18:19 UTC] PHP   1. {main}() /Users/vitorcarvalho/Local Sites/tradeexpansion/app/public/wp-cron.php:0
[02-Dec-2025 22:18:19 UTC] PHP   2. require_once() /Users/vitorcarvalho/Local Sites/tradeexpansion/app/public/wp-cron.php:46
[02-Dec-2025 22:18:19 UTC] PHP   3. require_once() /Users/vitorcarvalho/Local Sites/tradeexpansion/app/public/wp-load.php:50
[02-Dec-2025 22:18:19 UTC] PHP   4. require_once() /Users/vitorcarvalho/Local Sites/tradeexpansion/app/public/wp-config.php:103
[02-Dec-2025 22:18:19 UTC] PHP   5. do_action($hook_name = 'init') /Users/vitorcarvalho/Local Sites/tradeexpansion/app/public/wp-settings.php:742
[02-Dec-2025 22:18:19 UTC] PHP   6. WP_Hook->do_action($args = [0 => '']) /Users/vitorcarvalho/Local Sites/tradeexpansion/app/public/wp-includes/plugin.php:522
[02-Dec-2025 22:18:19 UTC] PHP   7. WP_Hook->apply_filters($value = '', $args = [0 => '']) /Users/vitorcarvalho/Local Sites/tradeexpansion/app/public/wp-includes/class-wp-hook.php:365
[02-Dec-2025 22:18:19 UTC] PHP   8. te_client_portal_maybe_start_session('') /Users/vitorcarvalho/Local Sites/tradeexpansion/app/public/wp-includes/class-wp-hook.php:341
[02-Dec-2025 22:18:19 UTC] PHP   9. session_start() /Users/vitorcarvalho/Local Sites/tradeexpansion/app/public/wp-content/themes/tradeexpansion/client-portal/portal-loader.php:43
[02-Dec-2025 22:28:08 UTC] PHP Warning:  session_start(): Session cannot be started after headers have already been sent in /Users/vitorcarvalho/Local Sites/tradeexpansion/app/public/wp-content/themes/tradeexpansion/client-portal/portal-loader.php on line 43
[02-Dec-2025 22:28:08 UTC] PHP Stack trace:
[02-Dec-2025 22:28:08 UTC] PHP   1. {main}() /Users/vitorcarvalho/Local Sites/tradeexpansion/app/public/wp-cron.php:0
[02-Dec-2025 22:28:08 UTC] PHP   2. require_once() /Users/vitorcarvalho/Local Sites/tradeexpansion/app/public/wp-cron.php:46
[02-Dec-2025 22:28:08 UTC] PHP   3. require_once() /Users/vitorcarvalho/Local Sites/tradeexpansion/app/public/wp-load.php:50
[02-Dec-2025 22:28:08 UTC] PHP   4. require_once() /Users/vitorcarvalho/Local Sites/tradeexpansion/app/public/wp-config.php:103
[02-Dec-2025 22:28:08 UTC] PHP   5. do_action($hook_name = 'init') /Users/vitorcarvalho/Local Sites/tradeexpansion/app/public/wp-settings.php:742
[02-Dec-2025 22:28:08 UTC] PHP   6. WP_Hook->do_action($args = [0 => '']) /Users/vitorcarvalho/Local Sites/tradeexpansion/app/public/wp-includes/plugin.php:522
[02-Dec-2025 22:28:08 UTC] PHP   7. WP_Hook->apply_filters($value = '', $args = [0 => '']) /Users/vitorcarvalho/Local Sites/tradeexpansion/app/public/wp-includes/class-wp-hook.php:365
[02-Dec-2025 22:28:08 UTC] PHP   8. te_client_portal_maybe_start_session('') /Users/vitorcarvalho/Local Sites/tradeexpansion/app/public/wp-includes/class-wp-hook.php:341
[02-Dec-2025 22:28:08 UTC] PHP   9. session_start() /Users/vitorcarvalho/Local Sites/tradeexpansion/app/public/wp-content/themes/tradeexpansion/client-portal/portal-loader.php:43
[02-Dec-2025 22:38:25 UTC] PHP Warning:  session_start(): Session cannot be started after headers have already been sent in /Users/vitorcarvalho/Local Sites/tradeexpansion/app/public/wp-content/themes/tradeexpansion/client-portal/portal-loader.php on line 43
[02-Dec-2025 22:38:25 UTC] PHP Stack trace:
[02-Dec-2025 22:38:25 UTC] PHP   1. {main}() /Users/vitorcarvalho/Local Sites/tradeexpansion/app/public/wp-cron.php:0
[02-Dec-2025 22:38:25 UTC] PHP   2. require_once() /Users/vitorcarvalho/Local Sites/tradeexpansion/app/public/wp-cron.php:46
[02-Dec-2025 22:38:25 UTC] PHP   3. require_once() /Users/vitorcarvalho/Local Sites/tradeexpansion/app/public/wp-load.php:50
[02-Dec-2025 22:38:25 UTC] PHP   4. require_once() /Users/vitorcarvalho/Local Sites/tradeexpansion/app/public/wp-config.php:103
[02-Dec-2025 22:38:25 UTC] PHP   5. do_action($hook_name = 'init') /Users/vitorcarvalho/Local Sites/tradeexpansion/app/public/wp-settings.php:742
[02-Dec-2025 22:38:25 UTC] PHP   6. WP_Hook->do_action($args = [0 => '']) /Users/vitorcarvalho/Local Sites/tradeexpansion/app/public/wp-includes/plugin.php:522
[02-Dec-2025 22:38:25 UTC] PHP   7. WP_Hook->apply_filters($value = '', $args = [0 => '']) /Users/vitorcarvalho/Local Sites/tradeexpansion/app/public/wp-includes/class-wp-hook.php:365
[02-Dec-2025 22:38:25 UTC] PHP   8. te_client_portal_maybe_start_session('') /Users/vitorcarvalho/Local Sites/tradeexpansion/app/public/wp-includes/class-wp-hook.php:341
[02-Dec-2025 22:38:25 UTC] PHP   9. session_start() /Users/vitorcarvalho/Local Sites/tradeexpansion/app/public/wp-content/themes/tradeexpansion/client-portal/portal-loader.php:43
[02-Dec-2025 22:48:27 UTC] PHP Warning:  session_start(): Session cannot be started after headers have already been sent in /Users/vitorcarvalho/Local Sites/tradeexpansion/app/public/wp-content/themes/tradeexpansion/client-portal/portal-loader.php on line 43
[02-Dec-2025 22:48:27 UTC] PHP Stack trace:
[02-Dec-2025 22:48:27 UTC] PHP   1. {main}() /Users/vitorcarvalho/Local Sites/tradeexpansion/app/public/wp-cron.php:0
[02-Dec-2025 22:48:27 UTC] PHP   2. require_once() /Users/vitorcarvalho/Local Sites/tradeexpansion/app/public/wp-cron.php:46
[02-Dec-2025 22:48:27 UTC] PHP   3. require_once() /Users/vitorcarvalho/Local Sites/tradeexpansion/app/public/wp-load.php:50
[02-Dec-2025 22:48:27 UTC] PHP   4. require_once() /Users/vitorcarvalho/Local Sites/tradeexpansion/app/public/wp-config.php:103
[02-Dec-2025 22:48:27 UTC] PHP   5. do_action($hook_name = 'init') /Users/vitorcarvalho/Local Sites/tradeexpansion/app/public/wp-settings.php:742
[02-Dec-2025 22:48:27 UTC] PHP   6. WP_Hook->do_action($args = [0 => '']) /Users/vitorcarvalho/Local Sites/tradeexpansion/app/public/wp-includes/plugin.php:522
[02-Dec-2025 22:48:27 UTC] PHP   7. WP_Hook->apply_filters($value = '', $args = [0 => '']) /Users/vitorcarvalho/Local Sites/tradeexpansion/app/public/wp-includes/class-wp-hook.php:365
[02-Dec-2025 22:48:27 UTC] PHP   8. te_client_portal_maybe_start_session('') /Users/vitorcarvalho/Local Sites/tradeexpansion/app/public/wp-includes/class-wp-hook.php:341
[02-Dec-2025 22:48:27 UTC] PHP   9. session_start() /Users/vitorcarvalho/Local Sites/tradeexpansion/app/public/wp-content/themes/tradeexpansion/client-portal/portal-loader.php:43
[02-Dec-2025 22:58:06 UTC] PHP Warning:  session_start(): Session cannot be started after headers have already been sent in /Users/vitorcarvalho/Local Sites/tradeexpansion/app/public/wp-content/themes/tradeexpansion/client-portal/portal-loader.php on line 43
[02-Dec-2025 22:58:06 UTC] PHP Stack trace:
[02-Dec-2025 22:58:06 UTC] PHP   1. {main}() /Users/vitorcarvalho/Local Sites/tradeexpansion/app/public/wp-cron.php:0
[02-Dec-2025 22:58:06 UTC] PHP   2. require_once() /Users/vitorcarvalho/Local Sites/tradeexpansion/app/public/wp-cron.php:46
[02-Dec-2025 22:58:06 UTC] PHP   3. require_once() /Users/vitorcarvalho/Local Sites/tradeexpansion/app/public/wp-load.php:50
[02-Dec-2025 22:58:06 UTC] PHP   4. require_once() /Users/vitorcarvalho/Local Sites/tradeexpansion/app/public/wp-config.php:103
[02-Dec-2025 22:58:06 UTC] PHP   5. do_action($hook_name = 'init') /Users/vitorcarvalho/Local Sites/tradeexpansion/app/public/wp-settings.php:742
[02-Dec-2025 22:58:06 UTC] PHP   6. WP_Hook->do_action($args = [0 => '']) /Users/vitorcarvalho/Local Sites/tradeexpansion/app/public/wp-includes/plugin.php:522
[02-Dec-2025 22:58:06 UTC] PHP   7. WP_Hook->apply_filters($value = '', $args = [0 => '']) /Users/vitorcarvalho/Local Sites/tradeexpansion/app/public/wp-includes/class-wp-hook.php:365
[02-Dec-2025 22:58:06 UTC] PHP   8. te_client_portal_maybe_start_session('') /Users/vitorcarvalho/Local Sites/tradeexpansion/app/public/wp-includes/class-wp-hook.php:341
[02-Dec-2025 22:58:06 UTC] PHP   9. session_start() /Users/vitorcarvalho/Local Sites/tradeexpansion/app/public/wp-content/themes/tradeexpansion/client-portal/portal-loader.php:43
[02-Dec-2025 23:08:43 UTC] PHP Warning:  session_start(): Session cannot be started after headers have already been sent in /Users/vitorcarvalho/Local Sites/tradeexpansion/app/public/wp-content/themes/tradeexpansion/client-portal/portal-loader.php on line 43
[02-Dec-2025 23:08:43 UTC] PHP Stack trace:
[02-Dec-2025 23:08:43 UTC] PHP   1. {main}() /Users/vitorcarvalho/Local Sites/tradeexpansion/app/public/wp-cron.php:0
[02-Dec-2025 23:08:43 UTC] PHP   2. require_once() /Users/vitorcarvalho/Local Sites/tradeexpansion/app/public/wp-cron.php:46
[02-Dec-2025 23:08:43 UTC] PHP   3. require_once() /Users/vitorcarvalho/Local Sites/tradeexpansion/app/public/wp-load.php:50
[02-Dec-2025 23:08:43 UTC] PHP   4. require_once() /Users/vitorcarvalho/Local Sites/tradeexpansion/app/public/wp-config.php:103
[02-Dec-2025 23:08:43 UTC] PHP   5. do_action($hook_name = 'init') /Users/vitorcarvalho/Local Sites/tradeexpansion/app/public/wp-settings.php:742
[02-Dec-2025 23:08:43 UTC] PHP   6. WP_Hook->do_action($args = [0 => '']) /Users/vitorcarvalho/Local Sites/tradeexpansion/app/public/wp-includes/plugin.php:522
[02-Dec-2025 23:08:43 UTC] PHP   7. WP_Hook->apply_filters($value = '', $args = [0 => '']) /Users/vitorcarvalho/Local Sites/tradeexpansion/app/public/wp-includes/class-wp-hook.php:365
[02-Dec-2025 23:08:43 UTC] PHP   8. te_client_portal_maybe_start_session('') /Users/vitorcarvalho/Local Sites/tradeexpansion/app/public/wp-includes/class-wp-hook.php:341
[02-Dec-2025 23:08:43 UTC] PHP   9. session_start() /Users/vitorcarvalho/Local Sites/tradeexpansion/app/public/wp-content/themes/tradeexpansion/client-portal/portal-loader.php:43
[02-Dec-2025 23:19:58 UTC] PHP Warning:  session_start(): Session cannot be started after headers have already been sent in /Users/vitorcarvalho/Local Sites/tradeexpansion/app/public/wp-content/themes/tradeexpansion/client-portal/portal-loader.php on line 43
[02-Dec-2025 23:19:58 UTC] PHP Stack trace:
[02-Dec-2025 23:19:58 UTC] PHP   1. {main}() /Users/vitorcarvalho/Local Sites/tradeexpansion/app/public/wp-cron.php:0
[02-Dec-2025 23:19:58 UTC] PHP   2. require_once() /Users/vitorcarvalho/Local Sites/tradeexpansion/app/public/wp-cron.php:46
[02-Dec-2025 23:19:58 UTC] PHP   3. require_once() /Users/vitorcarvalho/Local Sites/tradeexpansion/app/public/wp-load.php:50
[02-Dec-2025 23:19:58 UTC] PHP   4. require_once() /Users/vitorcarvalho/Local Sites/tradeexpansion/app/public/wp-config.php:103
[02-Dec-2025 23:19:58 UTC] PHP   5. do_action($hook_name = 'init') /Users/vitorcarvalho/Local Sites/tradeexpansion/app/public/wp-settings.php:742
[02-Dec-2025 23:19:58 UTC] PHP   6. WP_Hook->do_action($args = [0 => '']) /Users/vitorcarvalho/Local Sites/tradeexpansion/app/public/wp-includes/plugin.php:522
[02-Dec-2025 23:19:58 UTC] PHP   7. WP_Hook->apply_filters($value = '', $args = [0 => '']) /Users/vitorcarvalho/Local Sites/tradeexpansion/app/public/wp-includes/class-wp-hook.php:365
[02-Dec-2025 23:19:58 UTC] PHP   8. te_client_portal_maybe_start_session('') /Users/vitorcarvalho/Local Sites/tradeexpansion/app/public/wp-includes/class-wp-hook.php:341
[02-Dec-2025 23:19:58 UTC] PHP   9. session_start() /Users/vitorcarvalho/Local Sites/tradeexpansion/app/public/wp-content/themes/tradeexpansion/client-portal/portal-loader.php:43
[02-Dec-2025 23:28:42 UTC] PHP Warning:  session_start(): Session cannot be started after headers have already been sent in /Users/vitorcarvalho/Local Sites/tradeexpansion/app/public/wp-content/themes/tradeexpansion/client-portal/portal-loader.php on line 43
[02-Dec-2025 23:28:42 UTC] PHP Stack trace:
[02-Dec-2025 23:28:42 UTC] PHP   1. {main}() /Users/vitorcarvalho/Local Sites/tradeexpansion/app/public/wp-cron.php:0
[02-Dec-2025 23:28:42 UTC] PHP   2. require_once() /Users/vitorcarvalho/Local Sites/tradeexpansion/app/public/wp-cron.php:46
[02-Dec-2025 23:28:42 UTC] PHP   3. require_once() /Users/vitorcarvalho/Local Sites/tradeexpansion/app/public/wp-load.php:50
[02-Dec-2025 23:28:42 UTC] PHP   4. require_once() /Users/vitorcarvalho/Local Sites/tradeexpansion/app/public/wp-config.php:103
[02-Dec-2025 23:28:42 UTC] PHP   5. do_action($hook_name = 'init') /Users/vitorcarvalho/Local Sites/tradeexpansion/app/public/wp-settings.php:742
[02-Dec-2025 23:28:42 UTC] PHP   6. WP_Hook->do_action($args = [0 => '']) /Users/vitorcarvalho/Local Sites/tradeexpansion/app/public/wp-includes/plugin.php:522
[02-Dec-2025 23:28:42 UTC] PHP   7. WP_Hook->apply_filters($value = '', $args = [0 => '']) /Users/vitorcarvalho/Local Sites/tradeexpansion/app/public/wp-includes/class-wp-hook.php:365
[02-Dec-2025 23:28:42 UTC] PHP   8. te_client_portal_maybe_start_session('') /Users/vitorcarvalho/Local Sites/tradeexpansion/app/public/wp-includes/class-wp-hook.php:341
[02-Dec-2025 23:28:42 UTC] PHP   9. session_start() /Users/vitorcarvalho/Local Sites/tradeexpansion/app/public/wp-content/themes/tradeexpansion/client-portal/portal-loader.php:43
[02-Dec-2025 23:39:25 UTC] PHP Warning:  session_start(): Session cannot be started after headers have already been sent in /Users/vitorcarvalho/Local Sites/tradeexpansion/app/public/wp-content/themes/tradeexpansion/client-portal/portal-loader.php on line 43
[02-Dec-2025 23:39:25 UTC] PHP Stack trace:
[02-Dec-2025 23:39:25 UTC] PHP   1. {main}() /Users/vitorcarvalho/Local Sites/tradeexpansion/app/public/wp-cron.php:0
[02-Dec-2025 23:39:25 UTC] PHP   2. require_once() /Users/vitorcarvalho/Local Sites/tradeexpansion/app/public/wp-cron.php:46
[02-Dec-2025 23:39:25 UTC] PHP   3. require_once() /Users/vitorcarvalho/Local Sites/tradeexpansion/app/public/wp-load.php:50
[02-Dec-2025 23:39:25 UTC] PHP   4. require_once() /Users/vitorcarvalho/Local Sites/tradeexpansion/app/public/wp-config.php:103
[02-Dec-2025 23:39:25 UTC] PHP   5. do_action($hook_name = 'init') /Users/vitorcarvalho/Local Sites/tradeexpansion/app/public/wp-settings.php:742
[02-Dec-2025 23:39:25 UTC] PHP   6. WP_Hook->do_action($args = [0 => '']) /Users/vitorcarvalho/Local Sites/tradeexpansion/app/public/wp-includes/plugin.php:522
[02-Dec-2025 23:39:25 UTC] PHP   7. WP_Hook->apply_filters($value = '', $args = [0 => '']) /Users/vitorcarvalho/Local Sites/tradeexpansion/app/public/wp-includes/class-wp-hook.php:365
[02-Dec-2025 23:39:25 UTC] PHP   8. te_client_portal_maybe_start_session('') /Users/vitorcarvalho/Local Sites/tradeexpansion/app/public/wp-includes/class-wp-hook.php:341
[02-Dec-2025 23:39:25 UTC] PHP   9. session_start() /Users/vitorcarvalho/Local Sites/tradeexpansion/app/public/wp-content/themes/tradeexpansion/client-portal/portal-loader.php:43
[02-Dec-2025 23:43:57 UTC] PHP Warning:  Attempt to read property "term_id" on array in /Users/vitorcarvalho/Local Sites/tradeexpansion/app/public/wp-content/themes/tradeexpansion/page-rochas.php on line 657
[02-Dec-2025 23:43:57 UTC] PHP Stack trace:
[02-Dec-2025 23:43:57 UTC] PHP   1. {main}() /Users/vitorcarvalho/Local Sites/tradeexpansion/app/public/index.php:0
[02-Dec-2025 23:43:57 UTC] PHP   2. require() /Users/vitorcarvalho/Local Sites/tradeexpansion/app/public/index.php:17
[02-Dec-2025 23:43:57 UTC] PHP   3. require_once() /Users/vitorcarvalho/Local Sites/tradeexpansion/app/public/wp-blog-header.php:19
[02-Dec-2025 23:43:57 UTC] PHP   4. include() /Users/vitorcarvalho/Local Sites/tradeexpansion/app/public/wp-includes/template-loader.php:125
[02-Dec-2025 23:43:57 UTC] PHP Warning:  Attempt to read property "name" on array in /Users/vitorcarvalho/Local Sites/tradeexpansion/app/public/wp-content/themes/tradeexpansion/page-rochas.php on line 658
[02-Dec-2025 23:43:57 UTC] PHP Stack trace:
[02-Dec-2025 23:43:57 UTC] PHP   1. {main}() /Users/vitorcarvalho/Local Sites/tradeexpansion/app/public/index.php:0
[02-Dec-2025 23:43:57 UTC] PHP   2. require() /Users/vitorcarvalho/Local Sites/tradeexpansion/app/public/index.php:17
[02-Dec-2025 23:43:57 UTC] PHP   3. require_once() /Users/vitorcarvalho/Local Sites/tradeexpansion/app/public/wp-blog-header.php:19
[02-Dec-2025 23:43:57 UTC] PHP   4. include() /Users/vitorcarvalho/Local Sites/tradeexpansion/app/public/wp-includes/template-loader.php:125
[02-Dec-2025 23:43:57 UTC] PHP Warning:  Attempt to read property "term_id" on array in /Users/vitorcarvalho/Local Sites/tradeexpansion/app/public/wp-content/themes/tradeexpansion/page-rochas.php on line 657
[02-Dec-2025 23:43:57 UTC] PHP Stack trace:
[02-Dec-2025 23:43:57 UTC] PHP   1. {main}() /Users/vitorcarvalho/Local Sites/tradeexpansion/app/public/index.php:0
[02-Dec-2025 23:43:57 UTC] PHP   2. require() /Users/vitorcarvalho/Local Sites/tradeexpansion/app/public/index.php:17
[02-Dec-2025 23:43:57 UTC] PHP   3. require_once() /Users/vitorcarvalho/Local Sites/tradeexpansion/app/public/wp-blog-header.php:19
[02-Dec-2025 23:43:57 UTC] PHP   4. include() /Users/vitorcarvalho/Local Sites/tradeexpansion/app/public/wp-includes/template-loader.php:125
[02-Dec-2025 23:43:57 UTC] PHP Warning:  Attempt to read property "name" on array in /Users/vitorcarvalho/Local Sites/tradeexpansion/app/public/wp-content/themes/tradeexpansion/page-rochas.php on line 658
[02-Dec-2025 23:43:57 UTC] PHP Stack trace:
[02-Dec-2025 23:43:57 UTC] PHP   1. {main}() /Users/vitorcarvalho/Local Sites/tradeexpansion/app/public/index.php:0
[02-Dec-2025 23:43:57 UTC] PHP   2. require() /Users/vitorcarvalho/Local Sites/tradeexpansion/app/public/index.php:17
[02-Dec-2025 23:43:57 UTC] PHP   3. require_once() /Users/vitorcarvalho/Local Sites/tradeexpansion/app/public/wp-blog-header.php:19
[02-Dec-2025 23:43:57 UTC] PHP   4. include() /Users/vitorcarvalho/Local Sites/tradeexpansion/app/public/wp-includes/template-loader.php:125
[02-Dec-2025 23:43:57 UTC] PHP Warning:  Attempt to read property "term_id" on array in /Users/vitorcarvalho/Local Sites/tradeexpansion/app/public/wp-content/themes/tradeexpansion/page-rochas.php on line 675
[02-Dec-2025 23:43:57 UTC] PHP Stack trace:
[02-Dec-2025 23:43:57 UTC] PHP   1. {main}() /Users/vitorcarvalho/Local Sites/tradeexpansion/app/public/index.php:0
[02-Dec-2025 23:43:57 UTC] PHP   2. require() /Users/vitorcarvalho/Local Sites/tradeexpansion/app/public/index.php:17
[02-Dec-2025 23:43:57 UTC] PHP   3. require_once() /Users/vitorcarvalho/Local Sites/tradeexpansion/app/public/wp-blog-header.php:19
[02-Dec-2025 23:43:57 UTC] PHP   4. include() /Users/vitorcarvalho/Local Sites/tradeexpansion/app/public/wp-includes/template-loader.php:125
[02-Dec-2025 23:43:57 UTC] PHP Warning:  Attempt to read property "name" on array in /Users/vitorcarvalho/Local Sites/tradeexpansion/app/public/wp-content/themes/tradeexpansion/page-rochas.php on line 676
[02-Dec-2025 23:43:57 UTC] PHP Stack trace:
[02-Dec-2025 23:43:57 UTC] PHP   1. {main}() /Users/vitorcarvalho/Local Sites/tradeexpansion/app/public/index.php:0
[02-Dec-2025 23:43:57 UTC] PHP   2. require() /Users/vitorcarvalho/Local Sites/tradeexpansion/app/public/index.php:17
[02-Dec-2025 23:43:57 UTC] PHP   3. require_once() /Users/vitorcarvalho/Local Sites/tradeexpansion/app/public/wp-blog-header.php:19
[02-Dec-2025 23:43:57 UTC] PHP   4. include() /Users/vitorcarvalho/Local Sites/tradeexpansion/app/public/wp-includes/template-loader.php:125
[02-Dec-2025 23:43:57 UTC] PHP Warning:  Attempt to read property "term_id" on array in /Users/vitorcarvalho/Local Sites/tradeexpansion/app/public/wp-content/themes/tradeexpansion/page-rochas.php on line 675
[02-Dec-2025 23:43:57 UTC] PHP Stack trace:
[02-Dec-2025 23:43:57 UTC] PHP   1. {main}() /Users/vitorcarvalho/Local Sites/tradeexpansion/app/public/index.php:0
[02-Dec-2025 23:43:57 UTC] PHP   2. require() /Users/vitorcarvalho/Local Sites/tradeexpansion/app/public/index.php:17
[02-Dec-2025 23:43:57 UTC] PHP   3. require_once() /Users/vitorcarvalho/Local Sites/tradeexpansion/app/public/wp-blog-header.php:19
[02-Dec-2025 23:43:57 UTC] PHP   4. include() /Users/vitorcarvalho/Local Sites/tradeexpansion/app/public/wp-includes/template-loader.php:125
[02-Dec-2025 23:43:57 UTC] PHP Warning:  Attempt to read property "name" on array in /Users/vitorcarvalho/Local Sites/tradeexpansion/app/public/wp-content/themes/tradeexpansion/page-rochas.php on line 676
[02-Dec-2025 23:43:57 UTC] PHP Stack trace:
[02-Dec-2025 23:43:57 UTC] PHP   1. {main}() /Users/vitorcarvalho/Local Sites/tradeexpansion/app/public/index.php:0
[02-Dec-2025 23:43:57 UTC] PHP   2. require() /Users/vitorcarvalho/Local Sites/tradeexpansion/app/public/index.php:17
[02-Dec-2025 23:43:57 UTC] PHP   3. require_once() /Users/vitorcarvalho/Local Sites/tradeexpansion/app/public/wp-blog-header.php:19
[02-Dec-2025 23:43:57 UTC] PHP   4. include() /Users/vitorcarvalho/Local Sites/tradeexpansion/app/public/wp-includes/template-loader.php:125
[02-Dec-2025 23:47:29 UTC] PHP Warning:  session_start(): Session cannot be started after headers have already been sent in /Users/vitorcarvalho/Local Sites/tradeexpansion/app/public/wp-content/themes/tradeexpansion/client-portal/portal-loader.php on line 43
[02-Dec-2025 23:47:29 UTC] PHP Stack trace:
[02-Dec-2025 23:47:29 UTC] PHP   1. {main}() /Users/vitorcarvalho/Local Sites/tradeexpansion/app/public/wp-cron.php:0
[02-Dec-2025 23:47:29 UTC] PHP   2. require_once() /Users/vitorcarvalho/Local Sites/tradeexpansion/app/public/wp-cron.php:46
[02-Dec-2025 23:47:29 UTC] PHP   3. require_once() /Users/vitorcarvalho/Local Sites/tradeexpansion/app/public/wp-load.php:50
[02-Dec-2025 23:47:29 UTC] PHP   4. require_once() /Users/vitorcarvalho/Local Sites/tradeexpansion/app/public/wp-config.php:103
[02-Dec-2025 23:47:29 UTC] PHP   5. do_action($hook_name = 'init') /Users/vitorcarvalho/Local Sites/tradeexpansion/app/public/wp-settings.php:742
[02-Dec-2025 23:47:29 UTC] PHP   6. WP_Hook->do_action($args = [0 => '']) /Users/vitorcarvalho/Local Sites/tradeexpansion/app/public/wp-includes/plugin.php:522
[02-Dec-2025 23:47:29 UTC] PHP   7. WP_Hook->apply_filters($value = '', $args = [0 => '']) /Users/vitorcarvalho/Local Sites/tradeexpansion/app/public/wp-includes/class-wp-hook.php:365
[02-Dec-2025 23:47:29 UTC] PHP   8. te_client_portal_maybe_start_session('') /Users/vitorcarvalho/Local Sites/tradeexpansion/app/public/wp-includes/class-wp-hook.php:341
[02-Dec-2025 23:47:29 UTC] PHP   9. session_start() /Users/vitorcarvalho/Local Sites/tradeexpansion/app/public/wp-content/themes/tradeexpansion/client-portal/portal-loader.php:43
[02-Dec-2025 23:49:30 UTC] PHP Warning:  session_start(): Session cannot be started after headers have already been sent in /Users/vitorcarvalho/Local Sites/tradeexpansion/app/public/wp-content/themes/tradeexpansion/client-portal/portal-loader.php on line 43
[02-Dec-2025 23:49:30 UTC] PHP Stack trace:
[02-Dec-2025 23:49:30 UTC] PHP   1. {main}() /Users/vitorcarvalho/Local Sites/tradeexpansion/app/public/wp-cron.php:0
[02-Dec-2025 23:49:30 UTC] PHP   2. require_once() /Users/vitorcarvalho/Local Sites/tradeexpansion/app/public/wp-cron.php:46
[02-Dec-2025 23:49:30 UTC] PHP   3. require_once() /Users/vitorcarvalho/Local Sites/tradeexpansion/app/public/wp-load.php:50
[02-Dec-2025 23:49:30 UTC] PHP   4. require_once() /Users/vitorcarvalho/Local Sites/tradeexpansion/app/public/wp-config.php:103
[02-Dec-2025 23:49:30 UTC] PHP   5. do_action($hook_name = 'init') /Users/vitorcarvalho/Local Sites/tradeexpansion/app/public/wp-settings.php:742
[02-Dec-2025 23:49:30 UTC] PHP   6. WP_Hook->do_action($args = [0 => '']) /Users/vitorcarvalho/Local Sites/tradeexpansion/app/public/wp-includes/plugin.php:522
[02-Dec-2025 23:49:30 UTC] PHP   7. WP_Hook->apply_filters($value = '', $args = [0 => '']) /Users/vitorcarvalho/Local Sites/tradeexpansion/app/public/wp-includes/class-wp-hook.php:365
[02-Dec-2025 23:49:30 UTC] PHP   8. te_client_portal_maybe_start_session('') /Users/vitorcarvalho/Local Sites/tradeexpansion/app/public/wp-includes/class-wp-hook.php:341
[02-Dec-2025 23:49:30 UTC] PHP   9. session_start() /Users/vitorcarvalho/Local Sites/tradeexpansion/app/public/wp-content/themes/tradeexpansion/client-portal/portal-loader.php:43
[02-Dec-2025 23:59:13 UTC] PHP Warning:  session_start(): Session cannot be started after headers have already been sent in /Users/vitorcarvalho/Local Sites/tradeexpansion/app/public/wp-content/themes/tradeexpansion/client-portal/portal-loader.php on line 43
[02-Dec-2025 23:59:13 UTC] PHP Stack trace:
[02-Dec-2025 23:59:13 UTC] PHP   1. {main}() /Users/vitorcarvalho/Local Sites/tradeexpansion/app/public/wp-cron.php:0
[02-Dec-2025 23:59:13 UTC] PHP   2. require_once() /Users/vitorcarvalho/Local Sites/tradeexpansion/app/public/wp-cron.php:46
[02-Dec-2025 23:59:13 UTC] PHP   3. require_once() /Users/vitorcarvalho/Local Sites/tradeexpansion/app/public/wp-load.php:50
[02-Dec-2025 23:59:13 UTC] PHP   4. require_once() /Users/vitorcarvalho/Local Sites/tradeexpansion/app/public/wp-config.php:103
[02-Dec-2025 23:59:13 UTC] PHP   5. do_action($hook_name = 'init') /Users/vitorcarvalho/Local Sites/tradeexpansion/app/public/wp-settings.php:742
[02-Dec-2025 23:59:13 UTC] PHP   6. WP_Hook->do_action($args = [0 => '']) /Users/vitorcarvalho/Local Sites/tradeexpansion/app/public/wp-includes/plugin.php:522
[02-Dec-2025 23:59:13 UTC] PHP   7. WP_Hook->apply_filters($value = '', $args = [0 => '']) /Users/vitorcarvalho/Local Sites/tradeexpansion/app/public/wp-includes/class-wp-hook.php:365
[02-Dec-2025 23:59:13 UTC] PHP   8. te_client_portal_maybe_start_session('') /Users/vitorcarvalho/Local Sites/tradeexpansion/app/public/wp-includes/class-wp-hook.php:341
[02-Dec-2025 23:59:13 UTC] PHP   9. session_start() /Users/vitorcarvalho/Local Sites/tradeexpansion/app/public/wp-content/themes/tradeexpansion/client-portal/portal-loader.php:43
[03-Dec-2025 00:09:40 UTC] PHP Warning:  session_start(): Session cannot be started after headers have already been sent in /Users/vitorcarvalho/Local Sites/tradeexpansion/app/public/wp-content/themes/tradeexpansion/client-portal/portal-loader.php on line 43
[03-Dec-2025 00:09:40 UTC] PHP Stack trace:
[03-Dec-2025 00:09:40 UTC] PHP   1. {main}() /Users/vitorcarvalho/Local Sites/tradeexpansion/app/public/wp-cron.php:0
[03-Dec-2025 00:09:40 UTC] PHP   2. require_once() /Users/vitorcarvalho/Local Sites/tradeexpansion/app/public/wp-cron.php:46
[03-Dec-2025 00:09:40 UTC] PHP   3. require_once() /Users/vitorcarvalho/Local Sites/tradeexpansion/app/public/wp-load.php:50
[03-Dec-2025 00:09:40 UTC] PHP   4. require_once() /Users/vitorcarvalho/Local Sites/tradeexpansion/app/public/wp-config.php:103
[03-Dec-2025 00:09:40 UTC] PHP   5. do_action($hook_name = 'init') /Users/vitorcarvalho/Local Sites/tradeexpansion/app/public/wp-settings.php:742
[03-Dec-2025 00:09:40 UTC] PHP   6. WP_Hook->do_action($args = [0 => '']) /Users/vitorcarvalho/Local Sites/tradeexpansion/app/public/wp-includes/plugin.php:522
[03-Dec-2025 00:09:40 UTC] PHP   7. WP_Hook->apply_filters($value = '', $args = [0 => '']) /Users/vitorcarvalho/Local Sites/tradeexpansion/app/public/wp-includes/class-wp-hook.php:365
[03-Dec-2025 00:09:40 UTC] PHP   8. te_client_portal_maybe_start_session('') /Users/vitorcarvalho/Local Sites/tradeexpansion/app/public/wp-includes/class-wp-hook.php:341
[03-Dec-2025 00:09:40 UTC] PHP   9. session_start() /Users/vitorcarvalho/Local Sites/tradeexpansion/app/public/wp-content/themes/tradeexpansion/client-portal/portal-loader.php:43
[03-Dec-2025 00:19:45 UTC] PHP Warning:  session_start(): Session cannot be started after headers have already been sent in /Users/vitorcarvalho/Local Sites/tradeexpansion/app/public/wp-content/themes/tradeexpansion/client-portal/portal-loader.php on line 43
[03-Dec-2025 00:19:45 UTC] PHP Stack trace:
[03-Dec-2025 00:19:45 UTC] PHP   1. {main}() /Users/vitorcarvalho/Local Sites/tradeexpansion/app/public/wp-cron.php:0
[03-Dec-2025 00:19:45 UTC] PHP   2. require_once() /Users/vitorcarvalho/Local Sites/tradeexpansion/app/public/wp-cron.php:46
[03-Dec-2025 00:19:45 UTC] PHP   3. require_once() /Users/vitorcarvalho/Local Sites/tradeexpansion/app/public/wp-load.php:50
[03-Dec-2025 00:19:45 UTC] PHP   4. require_once() /Users/vitorcarvalho/Local Sites/tradeexpansion/app/public/wp-config.php:103
[03-Dec-2025 00:19:45 UTC] PHP   5. do_action($hook_name = 'init') /Users/vitorcarvalho/Local Sites/tradeexpansion/app/public/wp-settings.php:742
[03-Dec-2025 00:19:45 UTC] PHP   6. WP_Hook->do_action($args = [0 => '']) /Users/vitorcarvalho/Local Sites/tradeexpansion/app/public/wp-includes/plugin.php:522
[03-Dec-2025 00:19:45 UTC] PHP   7. WP_Hook->apply_filters($value = '', $args = [0 => '']) /Users/vitorcarvalho/Local Sites/tradeexpansion/app/public/wp-includes/class-wp-hook.php:365
[03-Dec-2025 00:19:45 UTC] PHP   8. te_client_portal_maybe_start_session('') /Users/vitorcarvalho/Local Sites/tradeexpansion/app/public/wp-includes/class-wp-hook.php:341
[03-Dec-2025 00:19:45 UTC] PHP   9. session_start() /Users/vitorcarvalho/Local Sites/tradeexpansion/app/public/wp-content/themes/tradeexpansion/client-portal/portal-loader.php:43
