[24-Oct-2025 11:47:06] NOTICE: fpm is running, pid 86685
[24-Oct-2025 11:47:06] NOTICE: ready to handle connections
[26-Oct-2025 13:53:42] NOTICE: Terminating ...
[26-Oct-2025 13:53:42] NOTICE: Terminating ...
[26-Oct-2025 13:53:42] NOTICE: exiting, bye-bye!
[01-Dec-2025 12:58:31] NOTICE: fpm is running, pid 1490
[01-Dec-2025 12:58:31] NOTICE: ready to handle connections
[01-Dec-2025 13:21:07] NOTICE: Terminating ...
[01-Dec-2025 13:21:07] NOTICE: Terminating ...
[01-Dec-2025 13:21:07] NOTICE: exiting, bye-bye!
[01-Dec-2025 13:24:33] NOTICE: fpm is running, pid 2509
[01-Dec-2025 13:24:33] NOTICE: ready to handle connections
[01-Dec-2025 13:24:50] NOTICE: Terminating ...
[01-Dec-2025 13:24:50] NOTICE: Terminating ...
[01-Dec-2025 13:24:50] NOTICE: exiting, bye-bye!
[01-Dec-2025 13:28:08] NOTICE: fpm is running, pid 2723
[01-Dec-2025 13:28:08] NOTICE: ready to handle connections
[01-Dec-2025 17:05:31] NOTICE: Terminating ...
[01-Dec-2025 17:05:31] NOTICE: Terminating ...
[01-Dec-2025 17:05:31] NOTICE: exiting, bye-bye!
[02-Dec-2025 14:42:45] NOTICE: fpm is running, pid 23906
[02-Dec-2025 14:42:45] NOTICE: ready to handle connections
[02-Dec-2025 14:42:51] NOTICE: Terminating ...
[02-Dec-2025 14:42:51] NOTICE: Terminating ...
[02-Dec-2025 14:42:51] NOTICE: exiting, bye-bye!
[02-Dec-2025 15:34:35] NOTICE: fpm is running, pid 25163
[02-Dec-2025 15:34:35] NOTICE: ready to handle connections
[02-Dec-2025 15:41:14] NOTICE: Terminating ...
[02-Dec-2025 15:41:14] NOTICE: Terminating ...
[02-Dec-2025 15:41:14] NOTICE: exiting, bye-bye!
[02-Dec-2025 15:43:11] NOTICE: fpm is running, pid 25479
[02-Dec-2025 15:43:11] NOTICE: ready to handle connections
[02-Dec-2025 15:45:20] NOTICE: Terminating ...
[02-Dec-2025 15:45:20] NOTICE: Terminating ...
[02-Dec-2025 15:45:20] NOTICE: exiting, bye-bye!
[02-Dec-2025 17:25:13] NOTICE: fpm is running, pid 27726
[02-Dec-2025 17:25:13] NOTICE: ready to handle connections
